<?xml version="1.0" encoding="UTF-8"?>
<testsuite xmlns:xsi="http://www.w3.org/2001/XMLSchema-instance" xsi:noNamespaceSchemaLocation="https://maven.apache.org/surefire/maven-surefire-plugin/xsd/surefire-test-report.xsd" name="cn.yan_wm.myalbum.service.linux.MyAlbumServiceLinuxApplicationTest" time="56.452" tests="4" errors="0" skipped="0" failures="0">
  <properties>
[...]
</properties>
  <testcase name="TrafficServiceGetOneWeekTest" classname="cn.yan_wm.myalbum.service.linux.MyAlbumServiceLinuxApplicationTest" time="0.009"/>
  <testcase name="TrafficServiceAddTest" classname="cn.yan_wm.myalbum.service.linux.MyAlbumServiceLinuxApplicationTest" time="0.001"/>
  <testcase name="DiskServiceGetOneWeekTest" classname="cn.yan_wm.myalbum.service.linux.MyAlbumServiceLinuxApplicationTest" time="0.036"/>
  <testcase name="DiskServiceAddTest" classname="cn.yan_wm.myalbum.service.linux.MyAlbumServiceLinuxApplicationTest" time="0.001"/>
</testsuite>